Analyzing exam_proctoring_app...                                

  error - The named parameter 'id' is required, but there's no corresponding argument - lib\providers\exam_provider.dart:106:24 - missing_required_argument
  error - The named parameter 'requiresReview' is required, but there's no corresponding argument - lib\providers\exam_provider.dart:106:24 - missing_required_argument
  error - The named parameter 'sessionId' is required, but there's no corresponding argument - lib\providers\exam_provider.dart:106:24 - missing_required_argument
   info - 'withOpacity' is deprecated and shouldn't be used. Use .withValues() to avoid precision loss - lib\screens\environment_check_screen.dart:246:50 - deprecated_member_use
   info - Don't use 'BuildContext's across async gaps - lib\screens\home_screen.dart:515:36 - use_build_context_synchronously
   info - Don't use 'BuildContext's across async gaps - lib\screens\home_screen.dart:516:44 - use_build_context_synchronously
   info - Don't use 'BuildContext's across async gaps - lib\screens\home_screen.dart:517:18 - use_build_context_synchronously
   info - Don't use 'BuildContext's across async gaps - lib\screens\home_screen.dart:522:9 - use_build_context_synchronously
   info - 'dart:html' is deprecated and shouldn't be used. Use package:web and dart:js_interop instead - lib\screens\proctoring_exam_screen.dart:2:1 - deprecated_member_use
   info - The private field _cameraLive could be 'final' - lib\screens\proctoring_exam_screen.dart:80:8 - prefer_final_fields
warning - The value of the field '_isFullscreen' isn't used - lib\screens\proctoring_exam_screen.dart:81:8 - unused_field
warning - The declaration '_showEvidencePreview' isn't referenced - lib\screens\proctoring_exam_screen.dart:393:16 - unused_element
   info - Don't use 'BuildContext's across async gaps - lib\screens\proctoring_exam_screen.dart:439:19 - use_build_context_synchronously
   info - 'groupValue' is deprecated and shouldn't be used. Use a RadioGroup ancestor to manage group value instead. This feature was deprecated after v3.32.0-0.0.pre - lib\screens\proctoring_exam_screen.dart:563:25 - deprecated_member_use
   info - 'onChanged' is deprecated and shouldn't be used. Use RadioGroup to handle value change instead. This feature was deprecated after v3.32.0-0.0.pre - lib\screens\proctoring_exam_screen.dart:564:25 - deprecated_member_use
   info - 'withOpacity' is deprecated and shouldn't be used. Use .withValues() to avoid precision loss - lib\screens\proctoring_exam_screen.dart:780:77 - deprecated_member_use
   info - 'withOpacity' is deprecated and shouldn't be used. Use .withValues() to avoid precision loss - lib\widgets\camera_widget.dart:145:24 - deprecated_member_use
   info - 'withOpacity' is deprecated and shouldn't be used. Use .withValues() to avoid precision loss - lib\widgets\camera_widget.dart:149:28 - deprecated_member_use
   info - Unnecessary braces in a string interpolation - lib\widgets\camera_widget.dart:237:45 - unnecessary_brace_in_string_interps

flutter : 19 issues 
found. (ran in 8.0s)
At line:1 char:40
+ ... :\Users\sanje\exa
m_proctoring_app; 
flutter analyze > 
analyze.log 2>&1
+                      
                  ~~~~~
~~~~~~~~~~~~~~~~~~~~~~~
~~~~~~
    + CategoryInfo     
         : NotSpecifi  
  ed: (19 issues fou   
 nd. (ran in 8.0s):    
String) [], Remote    
Exception
    + FullyQualifiedEr 
   rorId : NativeComm  
  andError
 
